# JRE version: Java(TM) SE Runtime Environment (17.0.9+11) (build 17.0.9+11-LTS-201)
# Java VM: Java HotSpot(TM) 64-Bit Server VM (17.0.9+11-LTS-201, mixed mode, sharing, tiered, compressed oops, compressed class ptrs, g1 gc, windows-amd64)
GC Precious Log:
 CPUs: 8 total, 8 available
 Memory: 6091M
 Large Page Support: Disabled
 NUMA Support: Disabled
 Compressed Oops: Enabled (32-bit)
 Heap Region Size: 1M
 Heap Min Capacity: 256M
 Heap Initial Capacity: 256M
 Heap Max Capacity: 512M
 Pre-touch: Disabled
 Parallel Workers: 8
 Concurrent Workers: 2
 Concurrent Refinement Workers: 8
 Periodic GC: Disabled
Heap:
 garbage-first heap   total 262144K, used 148464K [0x00000000e0000000, 0x0000000100000000)
  region size 1024K, 4 young (4096K), 2 survivors (2048K)
 Metaspace       used 82636K, committed 83520K, reserved 458752K
  class space    used 11027K, committed 11456K, reserved 327680K
GC Heap History (20 events):
Event: 11.729 GC heap before
{Heap before GC invocations=8 (full 0):
 garbage-first heap   total 262144K, used 191019K [0x00000000e0000000, 0x0000000100000000)
  region size 1024K, 144 young (147456K), 1 survivors (1024K)
 Metaspace       used 39688K, committed 40064K, reserved 393216K
  class space    used 5620K, committed 5824K, reserved 327680K
}
Event: 11.738 GC heap after
{Heap after GC invocations=9 (full 0):
 garbage-first heap   total 262144K, used 49554K [0x00000000e0000000, 0x0000000100000000)
  region size 1024K, 6 young (6144K), 6 survivors (6144K)
 Metaspace       used 39688K, committed 40064K, reserved 393216K
  class space    used 5620K, committed 5824K, reserved 327680K
}
Event: 14.132 GC heap before
{Heap before GC invocations=9 (full 0):
 garbage-first heap   total 262144K, used 204178K [0x00000000e0000000, 0x0000000100000000)
  region size 1024K, 153 young (156672K), 6 survivors (6144K)
 Metaspace       used 46784K, committed 47360K, reserved 393216K
  class space    used 6428K, committed 6720K, reserved 327680K
}
Event: 14.144 GC heap after
{Heap after GC invocations=10 (full 0):
 garbage-first heap   total 262144K, used 58566K [0x00000000e0000000, 0x0000000100000000)
  region size 1024K, 12 young (12288K), 12 survivors (12288K)
 Metaspace       used 46784K, committed 47360K, reserved 393216K
  class space    used 6428K, committed 6720K, reserved 327680K
}
Event: 17.804 GC heap before
{Heap before GC invocations=10 (full 0):
 garbage-first heap   total 262144K, used 231622K [0x00000000e0000000, 0x0000000100000000)
  region size 1024K, 153 young (156672K), 12 survivors (12288K)
 Metaspace       used 60114K, committed 60672K, reserved 393216K
  class space    used 8441K, committed 8704K, reserved 327680K
}
Event: 17.826 GC heap after
{Heap after GC invocations=11 (full 0):
 garbage-first heap   total 262144K, used 102052K [0x00000000e0000000, 0x0000000100000000)
  region size 1024K, 20 young (20480K), 20 survivors (20480K)
 Metaspace       used 60114K, committed 60672K, reserved 393216K
  class space    used 8441K, committed 8704K, reserved 327680K
}
Event: 18.481 GC heap before
{Heap before GC invocations=11 (full 0):
 garbage-first heap   total 262144K, used 129700K [0x00000000e0000000, 0x0000000100000000)
  region size 1024K, 48 young (49152K), 20 survivors (20480K)
 Metaspace       used 60750K, committed 61376K, reserved 393216K
  class space    used 8464K, committed 8768K, reserved 327680K
}
Event: 18.492 GC heap after
{Heap after GC invocations=12 (full 0):
 garbage-first heap   total 262144K, used 105426K [0x00000000e0000000, 0x0000000100000000)
  region size 1024K, 4 young (4096K), 4 survivors (4096K)
 Metaspace       used 60750K, committed 61376K, reserved 393216K
  class space    used 8464K, committed 8768K, reserved 327680K
}
Event: 20.144 GC heap before
{Heap before GC invocations=13 (full 0):
 garbage-first heap   total 262144K, used 208850K [0x00000000e0000000, 0x0000000100000000)
  region size 1024K, 106 young (108544K), 4 survivors (4096K)
 Metaspace       used 61947K, committed 62656K, reserved 393216K
  class space    used 8515K, committed 8832K, reserved 327680K
}
Event: 20.160 GC heap after
{Heap after GC invocations=14 (full 0):
 garbage-first heap   total 262144K, used 116142K [0x00000000e0000000, 0x0000000100000000)
  region size 1024K, 14 young (14336K), 14 survivors (14336K)
 Metaspace       used 61947K, committed 62656K, reserved 393216K
  class space    used 8515K, committed 8832K, reserved 327680K
}
Event: 22.752 GC heap before
{Heap before GC invocations=14 (full 0):
 garbage-first heap   total 262144K, used 208302K [0x00000000e0000000, 0x0000000100000000)
  region size 1024K, 105 young (107520K), 14 survivors (14336K)
 Metaspace       used 73262K, committed 74048K, reserved 393216K
  class space    used 9930K, committed 10304K, reserved 327680K
}
Event: 22.765 GC heap after
{Heap after GC invocations=15 (full 0):
 garbage-first heap   total 262144K, used 117790K [0x00000000e0000000, 0x0000000100000000)
  region size 1024K, 8 young (8192K), 8 survivors (8192K)
 Metaspace       used 73262K, committed 74048K, reserved 393216K
  class space    used 9930K, committed 10304K, reserved 327680K
}
Event: 61.015 GC heap before
{Heap before GC invocations=15 (full 0):
 garbage-first heap   total 262144K, used 211998K [0x00000000e0000000, 0x0000000100000000)
  region size 1024K, 99 young (101376K), 8 survivors (8192K)
 Metaspace       used 78168K, committed 78912K, reserved 458752K
  class space    used 10460K, committed 10816K, reserved 327680K
}
Event: 61.026 GC heap after
{Heap after GC invocations=16 (full 0):
 garbage-first heap   total 262144K, used 123650K [0x00000000e0000000, 0x0000000100000000)
  region size 1024K, 13 young (13312K), 13 survivors (13312K)
 Metaspace       used 78168K, committed 78912K, reserved 458752K
  class space    used 10460K, committed 10816K, reserved 327680K
}
Event: 82.114 GC heap before
{Heap before GC invocations=16 (full 0):
 garbage-first heap   total 262144K, used 212738K [0x00000000e0000000, 0x0000000100000000)
  region size 1024K, 101 young (103424K), 13 survivors (13312K)
 Metaspace       used 81663K, committed 82560K, reserved 458752K
  class space    used 10933K, committed 11328K, reserved 327680K
}
Event: 82.137 GC heap after
{Heap after GC invocations=17 (full 0):
 garbage-first heap   total 262144K, used 134095K [0x00000000e0000000, 0x0000000100000000)
  region size 1024K, 13 young (13312K), 13 survivors (13312K)
 Metaspace       used 81663K, committed 82560K, reserved 458752K
  class space    used 10933K, committed 11328K, reserved 327680K
}
Event: 83.761 GC heap before
{Heap before GC invocations=17 (full 0):
 garbage-first heap   total 262144K, used 211919K [0x00000000e0000000, 0x0000000100000000)
  region size 1024K, 90 young (92160K), 13 survivors (13312K)
 Metaspace       used 81945K, committed 82816K, reserved 458752K
  class space    used 10936K, committed 11328K, reserved 327680K
}
Event: 83.781 GC heap after
{Heap after GC invocations=18 (full 0):
 garbage-first heap   total 262144K, used 144955K [0x00000000e0000000, 0x0000000100000000)
  region size 1024K, 11 young (11264K), 11 survivors (11264K)
 Metaspace       used 81945K, committed 82816K, reserved 458752K
  class space    used 10936K, committed 11328K, reserved 327680K
}
Event: 141.390 GC heap before
{Heap before GC invocations=19 (full 0):
 garbage-first heap   total 262144K, used 213563K [0x00000000e0000000, 0x0000000100000000)
  region size 1024K, 78 young (79872K), 11 survivors (11264K)
 Metaspace       used 82620K, committed 83520K, reserved 458752K
  class space    used 11027K, committed 11456K, reserved 327680K
}
Event: 141.424 GC heap after
{Heap after GC invocations=20 (full 0):
 garbage-first heap   total 262144K, used 146213K [0x00000000e0000000, 0x0000000100000000)
  region size 1024K, 6 young (6144K), 6 survivors (6144K)
 Metaspace       used 82620K, committed 83520K, reserved 458752K
  class space    used 11027K, committed 11456K, reserved 327680K
}

